[   605.884] (WW) Failed to open protocol names file lib/xorg/protocol.txt
[   605.885] 
X.Org X Server 1.20.8
X Protocol Version 11, Revision 0
[   605.890] Build Operating System: Linux Arch Linux
[   605.891] Current Operating System: Linux derek 5.7.8-arch1-1 #1 SMP PREEMPT Thu, 09 Jul 2020 16:34:01 +0000 x86_64
[   605.891] Kernel command line: BOOT_IMAGE=/boot/vmlinuz-linux root=UUID=706335c2-035f-4016-8047-eb9626ce06f3 rw loglevel=3 quiet
[   605.894] Build Date: 05 May 2020  05:08:17AM
[   605.895]  
[   605.896] Current version of pixman: 0.40.0
[   605.898] 	Before reporting problems, check http://wiki.x.org
	to make sure that you have the latest version.
[   605.898] Markers: (--) probed, (**) from config file, (==) default setting,
	(++) from command line, (!!) notice, (II) informational,
	(WW) warning, (EE) error, (NI) not implemented, (??) unknown.
[   605.904] (==) Log file: "/home/simon/.local/share/xorg/Xorg.0.log", Time: Tue Jul 14 20:47:58 2020
[   605.906] (==) Using system config directory "/usr/share/X11/xorg.conf.d"
[   605.907] (==) No Layout section.  Using the first Screen section.
[   605.907] (==) No screen section available. Using defaults.
[   605.907] (**) |-->Screen "Default Screen Section" (0)
[   605.907] (**) |   |-->Monitor "<default monitor>"
[   605.907] (==) No monitor specified for screen "Default Screen Section".
	Using a default monitor configuration.
[   605.907] (==) Automatically adding devices
[   605.907] (==) Automatically enabling devices
[   605.907] (==) Automatically adding GPU devices
[   605.907] (==) Automatically binding GPU devices
[   605.907] (==) Max clients allowed: 256, resource mask: 0x1fffff
[   605.907] (WW) The directory "/usr/share/fonts/misc" does not exist.
[   605.907] 	Entry deleted from font path.
[   605.907] (WW) The directory "/usr/share/fonts/TTF" does not exist.
[   605.907] 	Entry deleted from font path.
[   605.907] (WW) The directory "/usr/share/fonts/OTF" does not exist.
[   605.907] 	Entry deleted from font path.
[   605.907] (WW) The directory "/usr/share/fonts/Type1" does not exist.
[   605.907] 	Entry deleted from font path.
[   605.907] (WW) The directory "/usr/share/fonts/100dpi" does not exist.
[   605.907] 	Entry deleted from font path.
[   605.907] (WW) The directory "/usr/share/fonts/75dpi" does not exist.
[   605.907] 	Entry deleted from font path.
[   605.907] (==) FontPath set to:
	
[   605.907] (==) ModulePath set to "/usr/lib/xorg/modules"
[   605.907] (II) The server relies on udev to provide the list of input devices.
	If no devices become available, reconfigure udev or disable AutoAddDevices.
[   605.907] (II) Module ABI versions:
[   605.907] 	X.Org ANSI C Emulation: 0.4
[   605.907] 	X.Org Video Driver: 24.1
[   605.907] 	X.Org XInput driver : 24.1
[   605.907] 	X.Org Server Extension : 10.0
[   605.908] (++) using VT number 3

[   605.910] (II) systemd-logind: took control of session /org/freedesktop/login1/session/_33
[   605.911] (II) xfree86: Adding drm device (/dev/dri/card0)
[   605.911] (II) systemd-logind: got fd for /dev/dri/card0 226:0 fd 10 paused 0
[   605.914] (--) PCI:*(0@0:2:0) 8086:0152:1028:0543 rev 9, Mem @ 0xf7800000/4194304, 0xe0000000/268435456, I/O @ 0x0000f000/64, BIOS @ 0x????????/131072
[   605.914] (WW) Open ACPI failed (/var/run/acpid.socket) (No such file or directory)
[   605.914] (II) LoadModule: "glx"
[   605.915] (II) Loading /usr/lib/xorg/modules/extensions/libglx.so
[   605.922] (II) Module glx: vendor="X.Org Foundation"
[   605.922] 	compiled for 1.20.8, module version = 1.0.0
[   605.922] 	ABI class: X.Org Server Extension, version 10.0
[   605.922] (==) Matched intel as autoconfigured driver 0
[   605.922] (==) Matched modesetting as autoconfigured driver 1
[   605.922] (==) Matched fbdev as autoconfigured driver 2
[   605.922] (==) Matched vesa as autoconfigured driver 3
[   605.922] (==) Assigned the driver to the xf86ConfigLayout
[   605.922] (II) LoadModule: "intel"
[   605.922] (II) Loading /usr/lib/xorg/modules/drivers/intel_drv.so
[   605.925] (II) Module intel: vendor="X.Org Foundation"
[   605.925] 	compiled for 1.20.8, module version = 2.99.917
[   605.925] 	Module class: X.Org Video Driver
[   605.925] 	ABI class: X.Org Video Driver, version 24.1
[   605.925] (II) LoadModule: "modesetting"
[   605.926] (II) Loading /usr/lib/xorg/modules/drivers/modesetting_drv.so
[   605.928] (II) Module modesetting: vendor="X.Org Foundation"
[   605.928] 	compiled for 1.20.8, module version = 1.20.8
[   605.928] 	Module class: X.Org Video Driver
[   605.928] 	ABI class: X.Org Video Driver, version 24.1
[   605.928] (II) LoadModule: "fbdev"
[   605.928] (WW) Warning, couldn't open module fbdev
[   605.928] (EE) Failed to load module "fbdev" (module does not exist, 0)
[   605.928] (II) LoadModule: "vesa"
[   605.928] (WW) Warning, couldn't open module vesa
[   605.928] (EE) Failed to load module "vesa" (module does not exist, 0)
[   605.928] (II) intel: Driver for Intel(R) Integrated Graphics Chipsets:
	i810, i810-dc100, i810e, i815, i830M, 845G, 854, 852GM/855GM, 865G,
	915G, E7221 (i915), 915GM, 945G, 945GM, 945GME, Pineview GM,
	Pineview G, 965G, G35, 965Q, 946GZ, 965GM, 965GME/GLE, G33, Q35, Q33,
	GM45, 4 Series, G45/G43, Q45/Q43, G41, B43
[   605.929] (II) intel: Driver for Intel(R) HD Graphics
[   605.929] (II) intel: Driver for Intel(R) Iris(TM) Graphics
[   605.929] (II) intel: Driver for Intel(R) Iris(TM) Pro Graphics
[   605.929] (II) modesetting: Driver for Modesetting Kernel Drivers: kms
[   605.929] xf86EnableIOPorts: failed to set IOPL for I/O (Operation not permitted)
[   605.929] (II) intel(0): Using Kernel Mode Setting driver: i915, version 1.6.0 20200313
[   605.929] (II) intel(0): SNA compiled from 2.99.917-908-g7181c5a4
[   605.947] (WW) Falling back to old probe method for modesetting
[   605.947] (WW) VGA arbiter: cannot open kernel arbiter, no multi-card support
[   605.947] (--) intel(0): Integrated Graphics Chipset: Intel(R) HD Graphics 2500
[   605.947] (--) intel(0): CPU: x86-64, sse2, sse3, ssse3, sse4.1, sse4.2, avx; using a maximum of 4 threads
[   605.947] (II) intel(0): Creating default Display subsection in Screen section
	"Default Screen Section" for depth/fbbpp 24/32
[   605.947] (==) intel(0): Depth 24, (--) framebuffer bpp 32
[   605.947] (==) intel(0): RGB weight 888
[   605.948] (==) intel(0): Default visual is TrueColor
[   605.948] (II) intel(0): Output eDP1 has no monitor section
[   605.949] (**) intel(0): Found backlight control interface intel_backlight (type 'raw') for output eDP1
[   605.949] (II) intel(0): Enabled output eDP1
[   605.949] (II) intel(0): Output VGA1 has no monitor section
[   605.949] (II) intel(0): Enabled output VGA1
[   605.950] (II) intel(0): Output HDMI1 has no monitor section
[   605.950] (II) intel(0): Enabled output HDMI1
[   605.950] (II) intel(0): Output DP1 has no monitor section
[   605.950] (II) intel(0): Enabled output DP1
[   605.950] (--) intel(0): Using a maximum size of 256x256 for hardware cursors
[   605.950] (II) intel(0): Output VIRTUAL1 has no monitor section
[   605.950] (II) intel(0): Enabled output VIRTUAL1
[   605.950] (--) intel(0): Output eDP1 using initial mode 1920x1080 on pipe 0
[   605.950] (--) intel(0): Output VGA1 using initial mode 1920x1080 on pipe 1
[   605.950] (==) intel(0): TearFree disabled
[   605.950] (==) intel(0): Using gamma correction (1.0, 1.0, 1.0)
[   605.950] (==) intel(0): DPI set to (96, 96)
[   605.950] (II) Loading sub module "dri3"
[   605.950] (II) LoadModule: "dri3"
[   605.950] (II) Module "dri3" already built-in
[   605.950] (II) Loading sub module "dri2"
[   605.950] (II) LoadModule: "dri2"
[   605.950] (II) Module "dri2" already built-in
[   605.950] (II) Loading sub module "present"
[   605.951] (II) LoadModule: "present"
[   605.951] (II) Module "present" already built-in
[   605.951] (II) UnloadModule: "modesetting"
[   605.951] (II) Unloading modesetting
[   605.953] (II) intel(0): SNA initialized with Ivybridge (gen7, gt1) backend
[   605.953] (==) intel(0): Backing store enabled
[   605.953] (==) intel(0): Silken mouse disabled
[   605.953] (II) intel(0): HW Cursor enabled
[   605.954] (==) intel(0): DPMS enabled
[   605.954] (==) intel(0): Display hotplug detection enabled
[   605.955] (II) intel(0): [DRI2] Setup complete
[   605.955] (II) intel(0): [DRI2]   DRI driver: i965
[   605.955] (II) intel(0): [DRI2]   VDPAU driver: va_gl
[   605.955] (II) intel(0): direct rendering: DRI2 DRI3 enabled
[   605.955] (II) intel(0): hardware support for Present enabled
[   605.955] (II) Initializing extension Generic Event Extension
[   605.955] (II) Initializing extension SHAPE
[   605.955] (II) Initializing extension MIT-SHM
[   605.955] (II) Initializing extension XInputExtension
[   605.955] (II) Initializing extension XTEST
[   605.955] (II) Initializing extension BIG-REQUESTS
[   605.955] (II) Initializing extension SYNC
[   605.956] (II) Initializing extension XKEYBOARD
[   605.956] (II) Initializing extension XC-MISC
[   605.956] (II) Initializing extension SECURITY
[   605.956] (II) Initializing extension XFIXES
[   605.956] (II) Initializing extension RENDER
[   605.956] (II) Initializing extension RANDR
[   605.956] (II) Initializing extension COMPOSITE
[   605.956] (II) Initializing extension DAMAGE
[   605.956] (II) Initializing extension MIT-SCREEN-SAVER
[   605.956] (II) Initializing extension DOUBLE-BUFFER
[   605.956] (II) Initializing extension RECORD
[   605.956] (II) Initializing extension DPMS
[   605.956] (II) Initializing extension Present
[   605.956] (II) Initializing extension DRI3
[   605.956] (II) Initializing extension X-Resource
[   605.956] (II) Initializing extension XVideo
[   605.956] (II) Initializing extension XVideo-MotionCompensation
[   605.956] (II) Initializing extension GLX
[   605.988] (II) AIGLX: Loaded and initialized i965
[   605.988] (II) GLX: Initialized DRI2 GL provider for screen 0
[   605.988] (II) Initializing extension XFree86-VidModeExtension
[   605.988] (II) Initializing extension XFree86-DGA
[   605.988] (II) Initializing extension XFree86-DRI
[   605.988] (II) Initializing extension DRI2
[   605.995] (II) intel(0): switch to mode 1920x1080@60.0 on eDP1 using pipe 0, position (0, 0), rotation normal, reflection none
[   606.004] (II) intel(0): switch to mode 1920x1080@60.0 on VGA1 using pipe 1, position (0, 0), rotation normal, reflection none
[   606.018] (II) intel(0): Setting screen physical size to 508 x 285
[   606.064] (II) config/udev: Adding input device Power Button (/dev/input/event1)
[   606.064] (**) Power Button: Applying InputClass "libinput keyboard catchall"
[   606.064] (II) LoadModule: "libinput"
[   606.064] (II) Loading /usr/lib/xorg/modules/input/libinput_drv.so
[   606.068] (II) Module libinput: vendor="X.Org Foundation"
[   606.068] 	compiled for 1.20.8, module version = 0.30.0
[   606.068] 	Module class: X.Org XInput Driver
[   606.068] 	ABI class: X.Org XInput driver, version 24.1
[   606.068] (II) Using input driver 'libinput' for 'Power Button'
[   606.069] (II) systemd-logind: got fd for /dev/input/event1 13:65 fd 16 paused 0
[   606.069] (**) Power Button: always reports core events
[   606.069] (**) Option "Device" "/dev/input/event1"
[   606.069] (**) Option "_source" "server/udev"
[   606.073] (II) event1  - Power Button: is tagged by udev as: Keyboard
[   606.073] (II) event1  - Power Button: device is a keyboard
[   606.073] (II) event1  - Power Button: device removed
[   606.073] (**) Option "config_info" "udev:/sys/devices/LNXSYSTM:00/LNXPWRBN:00/input/input1/event1"
[   606.073] (II) XINPUT: Adding extended input device "Power Button" (type: KEYBOARD, id 6)
[   606.074] (II) event1  - Power Button: is tagged by udev as: Keyboard
[   606.074] (II) event1  - Power Button: device is a keyboard
[   606.075] (II) config/udev: Adding input device Video Bus (/dev/input/event8)
[   606.075] (**) Video Bus: Applying InputClass "libinput keyboard catchall"
[   606.075] (II) Using input driver 'libinput' for 'Video Bus'
[   606.076] (II) systemd-logind: got fd for /dev/input/event8 13:72 fd 19 paused 0
[   606.076] (**) Video Bus: always reports core events
[   606.076] (**) Option "Device" "/dev/input/event8"
[   606.076] (**) Option "_source" "server/udev"
[   606.077] (II) event8  - Video Bus: is tagged by udev as: Keyboard
[   606.077] (II) event8  - Video Bus: device is a keyboard
[   606.077] (II) event8  - Video Bus: device removed
[   606.077] (**) Option "config_info" "udev:/sys/devices/LNXSYSTM:00/LNXSYBUS:00/PNP0A08:00/LNXVIDEO:00/input/input8/event8"
[   606.077] (II) XINPUT: Adding extended input device "Video Bus" (type: KEYBOARD, id 7)
[   606.078] (II) event8  - Video Bus: is tagged by udev as: Keyboard
[   606.078] (II) event8  - Video Bus: device is a keyboard
[   606.079] (II) config/udev: Adding input device Power Button (/dev/input/event0)
[   606.079] (**) Power Button: Applying InputClass "libinput keyboard catchall"
[   606.079] (II) Using input driver 'libinput' for 'Power Button'
[   606.079] (II) systemd-logind: got fd for /dev/input/event0 13:64 fd 20 paused 0
[   606.079] (**) Power Button: always reports core events
[   606.079] (**) Option "Device" "/dev/input/event0"
[   606.079] (**) Option "_source" "server/udev"
[   606.080] (II) event0  - Power Button: is tagged by udev as: Keyboard
[   606.080] (II) event0  - Power Button: device is a keyboard
[   606.080] (II) event0  - Power Button: device removed
[   606.080] (**) Option "config_info" "udev:/sys/devices/LNXSYSTM:00/LNXSYBUS:00/PNP0C0C:00/input/input0/event0"
[   606.080] (II) XINPUT: Adding extended input device "Power Button" (type: KEYBOARD, id 8)
[   606.081] (II) event0  - Power Button: is tagged by udev as: Keyboard
[   606.081] (II) event0  - Power Button: device is a keyboard
[   606.082] (II) config/udev: Adding input device PixArt Microsoft USB Optical Mouse (/dev/input/event4)
[   606.082] (**) PixArt Microsoft USB Optical Mouse: Applying InputClass "libinput pointer catchall"
[   606.082] (II) Using input driver 'libinput' for 'PixArt Microsoft USB Optical Mouse'
[   606.082] (II) systemd-logind: got fd for /dev/input/event4 13:68 fd 21 paused 0
[   606.082] (**) PixArt Microsoft USB Optical Mouse: always reports core events
[   606.082] (**) Option "Device" "/dev/input/event4"
[   606.082] (**) Option "_source" "server/udev"
[   606.083] (II) event4  - PixArt Microsoft USB Optical Mouse: is tagged by udev as: Mouse
[   606.084] (II) event4  - PixArt Microsoft USB Optical Mouse: device is a pointer
[   606.084] (II) event4  - PixArt Microsoft USB Optical Mouse: device removed
[   606.084] (**) Option "config_info" "udev:/sys/devices/pci0000:00/0000:00:1a.0/usb1/1-1/1-1.1/1-1.1:1.0/0003:045E:00CB.0001/input/input4/event4"
[   606.084] (II) XINPUT: Adding extended input device "PixArt Microsoft USB Optical Mouse" (type: MOUSE, id 9)
[   606.084] (**) Option "AccelerationScheme" "none"
[   606.084] (**) PixArt Microsoft USB Optical Mouse: (accel) selected scheme none/0
[   606.084] (**) PixArt Microsoft USB Optical Mouse: (accel) acceleration factor: 2.000
[   606.084] (**) PixArt Microsoft USB Optical Mouse: (accel) acceleration threshold: 4
[   606.085] (II) event4  - PixArt Microsoft USB Optical Mouse: is tagged by udev as: Mouse
[   606.085] (II) event4  - PixArt Microsoft USB Optical Mouse: device is a pointer
[   606.086] (II) config/udev: Adding input device PixArt Microsoft USB Optical Mouse (/dev/input/mouse0)
[   606.086] (II) No input driver specified, ignoring this device.
[   606.086] (II) This device may have been added with another device file.
[   606.086] (II) config/udev: Adding input device Microsoft Wired Keyboard 600 (/dev/input/event5)
[   606.086] (**) Microsoft Wired Keyboard 600: Applying InputClass "libinput keyboard catchall"
[   606.086] (II) Using input driver 'libinput' for 'Microsoft Wired Keyboard 600'
[   606.087] (II) systemd-logind: got fd for /dev/input/event5 13:69 fd 22 paused 0
[   606.087] (**) Microsoft Wired Keyboard 600: always reports core events
[   606.087] (**) Option "Device" "/dev/input/event5"
[   606.087] (**) Option "_source" "server/udev"
[   606.088] (II) event5  - Microsoft Wired Keyboard 600: is tagged by udev as: Keyboard
[   606.088] (II) event5  - Microsoft Wired Keyboard 600: device is a keyboard
[   606.088] (II) event5  - Microsoft Wired Keyboard 600: device removed
[   606.088] (**) Option "config_info" "udev:/sys/devices/pci0000:00/0000:00:1a.0/usb1/1-1/1-1.4/1-1.4:1.0/0003:045E:07F8.0002/input/input5/event5"
[   606.088] (II) XINPUT: Adding extended input device "Microsoft Wired Keyboard 600" (type: KEYBOARD, id 10)
[   606.089] (II) event5  - Microsoft Wired Keyboard 600: is tagged by udev as: Keyboard
[   606.089] (II) event5  - Microsoft Wired Keyboard 600: device is a keyboard
[   606.090] (II) config/udev: Adding input device Microsoft Wired Keyboard 600 Consumer Control (/dev/input/event6)
[   606.090] (**) Microsoft Wired Keyboard 600 Consumer Control: Applying InputClass "libinput keyboard catchall"
[   606.090] (II) Using input driver 'libinput' for 'Microsoft Wired Keyboard 600 Consumer Control'
[   606.091] (II) systemd-logind: got fd for /dev/input/event6 13:70 fd 23 paused 0
[   606.091] (**) Microsoft Wired Keyboard 600 Consumer Control: always reports core events
[   606.091] (**) Option "Device" "/dev/input/event6"
[   606.091] (**) Option "_source" "server/udev"
[   606.092] (II) event6  - Microsoft Wired Keyboard 600 Consumer Control: is tagged by udev as: Keyboard
[   606.092] (II) event6  - Microsoft Wired Keyboard 600 Consumer Control: device is a keyboard
[   606.092] (II) event6  - Microsoft Wired Keyboard 600 Consumer Control: device removed
[   606.092] (II) libinput: Microsoft Wired Keyboard 600 Consumer Control: needs a virtual subdevice
[   606.092] (**) Option "config_info" "udev:/sys/devices/pci0000:00/0000:00:1a.0/usb1/1-1/1-1.4/1-1.4:1.1/0003:045E:07F8.0003/input/input6/event6"
[   606.092] (II) XINPUT: Adding extended input device "Microsoft Wired Keyboard 600 Consumer Control" (type: MOUSE, id 11)
[   606.092] (**) Option "AccelerationScheme" "none"
[   606.092] (**) Microsoft Wired Keyboard 600 Consumer Control: (accel) selected scheme none/0
[   606.092] (**) Microsoft Wired Keyboard 600 Consumer Control: (accel) acceleration factor: 2.000
[   606.092] (**) Microsoft Wired Keyboard 600 Consumer Control: (accel) acceleration threshold: 4
[   606.093] (II) event6  - Microsoft Wired Keyboard 600 Consumer Control: is tagged by udev as: Keyboard
[   606.093] (II) event6  - Microsoft Wired Keyboard 600 Consumer Control: device is a keyboard
[   606.094] (II) config/udev: Adding input device Microsoft Wired Keyboard 600 System Control (/dev/input/event7)
[   606.094] (**) Microsoft Wired Keyboard 600 System Control: Applying InputClass "libinput keyboard catchall"
[   606.094] (II) Using input driver 'libinput' for 'Microsoft Wired Keyboard 600 System Control'
[   606.095] (II) systemd-logind: got fd for /dev/input/event7 13:71 fd 24 paused 0
[   606.095] (**) Microsoft Wired Keyboard 600 System Control: always reports core events
[   606.095] (**) Option "Device" "/dev/input/event7"
[   606.095] (**) Option "_source" "server/udev"
[   606.096] (II) event7  - Microsoft Wired Keyboard 600 System Control: is tagged by udev as: Keyboard
[   606.096] (II) event7  - Microsoft Wired Keyboard 600 System Control: device is a keyboard
[   606.096] (II) event7  - Microsoft Wired Keyboard 600 System Control: device removed
[   606.096] (**) Option "config_info" "udev:/sys/devices/pci0000:00/0000:00:1a.0/usb1/1-1/1-1.4/1-1.4:1.1/0003:045E:07F8.0003/input/input7/event7"
[   606.096] (II) XINPUT: Adding extended input device "Microsoft Wired Keyboard 600 System Control" (type: KEYBOARD, id 12)
[   606.097] (II) event7  - Microsoft Wired Keyboard 600 System Control: is tagged by udev as: Keyboard
[   606.097] (II) event7  - Microsoft Wired Keyboard 600 System Control: device is a keyboard
[   606.098] (II) config/udev: Adding input device HDA Digital PCBeep (/dev/input/event10)
[   606.098] (II) No input driver specified, ignoring this device.
[   606.098] (II) This device may have been added with another device file.
[   606.098] (II) config/udev: Adding input device HDA Intel PCH Mic (/dev/input/event11)
[   606.098] (II) No input driver specified, ignoring this device.
[   606.098] (II) This device may have been added with another device file.
[   606.098] (II) config/udev: Adding input device HDA Intel PCH Line Out (/dev/input/event12)
[   606.098] (II) No input driver specified, ignoring this device.
[   606.098] (II) This device may have been added with another device file.
[   606.099] (II) config/udev: Adding input device HDA Intel PCH Front Headphone (/dev/input/event13)
[   606.099] (II) No input driver specified, ignoring this device.
[   606.099] (II) This device may have been added with another device file.
[   606.099] (II) config/udev: Adding input device HDA Intel PCH HDMI/DP,pcm=3 (/dev/input/event14)
[   606.099] (II) No input driver specified, ignoring this device.
[   606.099] (II) This device may have been added with another device file.
[   606.099] (II) config/udev: Adding input device Laptop_Integrated_Webcam_HD: In (/dev/input/event9)
[   606.099] (**) Laptop_Integrated_Webcam_HD: In: Applying InputClass "libinput keyboard catchall"
[   606.099] (II) Using input driver 'libinput' for 'Laptop_Integrated_Webcam_HD: In'
[   606.100] (II) systemd-logind: got fd for /dev/input/event9 13:73 fd 25 paused 0
[   606.100] (**) Laptop_Integrated_Webcam_HD: In: always reports core events
[   606.100] (**) Option "Device" "/dev/input/event9"
[   606.100] (**) Option "_source" "server/udev"
[   606.101] (II) event9  - Laptop_Integrated_Webcam_HD: In: is tagged by udev as: Keyboard
[   606.101] (II) event9  - Laptop_Integrated_Webcam_HD: In: device is a keyboard
[   606.101] (II) event9  - Laptop_Integrated_Webcam_HD: In: device removed
[   606.101] (**) Option "config_info" "udev:/sys/devices/pci0000:00/0000:00:1d.0/usb4/4-1/4-1.8/4-1.8:1.0/input/input9/event9"
[   606.101] (II) XINPUT: Adding extended input device "Laptop_Integrated_Webcam_HD: In" (type: KEYBOARD, id 13)
[   606.102] (II) event9  - Laptop_Integrated_Webcam_HD: In: is tagged by udev as: Keyboard
[   606.102] (II) event9  - Laptop_Integrated_Webcam_HD: In: device is a keyboard
[   606.102] (II) config/udev: Adding input device PC Speaker (/dev/input/event2)
[   606.103] (II) No input driver specified, ignoring this device.
[   606.103] (II) This device may have been added with another device file.
[   606.103] (II) config/udev: Adding input device Dell AIO WMI hotkeys (/dev/input/event3)
[   606.103] (**) Dell AIO WMI hotkeys: Applying InputClass "libinput keyboard catchall"
[   606.103] (II) Using input driver 'libinput' for 'Dell AIO WMI hotkeys'
[   606.103] (II) systemd-logind: got fd for /dev/input/event3 13:67 fd 26 paused 0
[   606.104] (**) Dell AIO WMI hotkeys: always reports core events
[   606.104] (**) Option "Device" "/dev/input/event3"
[   606.104] (**) Option "_source" "server/udev"
[   606.104] (II) event3  - Dell AIO WMI hotkeys: is tagged by udev as: Keyboard
[   606.104] (II) event3  - Dell AIO WMI hotkeys: device is a keyboard
[   606.104] (II) event3  - Dell AIO WMI hotkeys: device removed
[   606.104] (**) Option "config_info" "udev:/sys/devices/virtual/input/input3/event3"
[   606.104] (II) XINPUT: Adding extended input device "Dell AIO WMI hotkeys" (type: KEYBOARD, id 14)
[   606.105] (II) event3  - Dell AIO WMI hotkeys: is tagged by udev as: Keyboard
[   606.105] (II) event3  - Dell AIO WMI hotkeys: device is a keyboard
[   606.135] (**) Microsoft Wired Keyboard 600 Consumer Control: Applying InputClass "libinput keyboard catchall"
[   606.135] (II) Using input driver 'libinput' for 'Microsoft Wired Keyboard 600 Consumer Control'
[   606.135] (II) systemd-logind: returning pre-existing fd for /dev/input/event6 13:70
[   606.135] (**) Microsoft Wired Keyboard 600 Consumer Control: always reports core events
[   606.135] (**) Option "Device" "/dev/input/event6"
[   606.135] (**) Option "_source" "_driver/libinput"
[   606.135] (II) libinput: Microsoft Wired Keyboard 600 Consumer Control: is a virtual subdevice
[   606.135] (**) Option "config_info" "udev:/sys/devices/pci0000:00/0000:00:1a.0/usb1/1-1/1-1.4/1-1.4:1.1/0003:045E:07F8.0003/input/input6/event6"
[   606.135] (II) XINPUT: Adding extended input device "Microsoft Wired Keyboard 600 Consumer Control" (type: KEYBOARD, id 15)
[   607.955] (II) intel(0): EDID vendor "NXP", prod id 4369
[   607.955] (II) intel(0): DDCModeFromDetailedTiming: 1920x1080 Warning: We only handle separate sync.
[   607.955] (II) intel(0): Printing DDC gathered Modelines:
[   607.955] (II) intel(0): Modeline "1920x1080"x0.0  144.00  1920 2008 2052 2176  1080 1084 1089 1100 -hsync -vsync (66.2 kHz eP)
[   647.884] (**) Option "fd" "16"
[   647.885] (II) event1  - Power Button: device removed
[   647.885] (**) Option "fd" "19"
[   647.885] (II) event8  - Video Bus: device removed
[   647.885] (**) Option "fd" "20"
[   647.885] (II) event0  - Power Button: device removed
[   647.885] (**) Option "fd" "21"
[   647.885] (II) event4  - PixArt Microsoft USB Optical Mouse: device removed
[   647.885] (**) Option "fd" "22"
[   647.885] (II) event5  - Microsoft Wired Keyboard 600: device removed
[   647.885] (**) Option "fd" "23"
[   647.885] (**) Option "fd" "24"
[   647.885] (II) event7  - Microsoft Wired Keyboard 600 System Control: device removed
[   647.885] (**) Option "fd" "25"
[   647.885] (II) event9  - Laptop_Integrated_Webcam_HD: In: device removed
[   647.885] (**) Option "fd" "26"
[   647.885] (II) event3  - Dell AIO WMI hotkeys: device removed
[   647.885] (**) Option "fd" "23"
[   647.885] (II) event6  - Microsoft Wired Keyboard 600 Consumer Control: device removed
[   647.885] (II) UnloadModule: "libinput"
[   647.885] (II) systemd-logind: not releasing fd for 13:70, still in use
[   647.885] (II) UnloadModule: "libinput"
[   647.885] (II) systemd-logind: releasing fd for 13:67
[   647.946] (II) UnloadModule: "libinput"
[   647.946] (II) systemd-logind: releasing fd for 13:73
[   648.003] (II) UnloadModule: "libinput"
[   648.003] (II) systemd-logind: releasing fd for 13:71
[   648.026] (II) UnloadModule: "libinput"
[   648.026] (II) systemd-logind: releasing fd for 13:70
[   648.050] (II) UnloadModule: "libinput"
[   648.050] (II) systemd-logind: releasing fd for 13:69
[   648.083] (II) UnloadModule: "libinput"
[   648.083] (II) systemd-logind: releasing fd for 13:68
[   648.160] (II) UnloadModule: "libinput"
[   648.160] (II) systemd-logind: releasing fd for 13:64
[   648.197] (II) UnloadModule: "libinput"
[   648.197] (II) systemd-logind: releasing fd for 13:72
[   648.270] (II) UnloadModule: "libinput"
[   648.270] (II) systemd-logind: releasing fd for 13:65
[   648.335] (WW) xf86CloseConsole: KDSETMODE failed: Input/output error
[   648.335] (WW) xf86CloseConsole: VT_GETMODE failed: Input/output error
[   648.335] (WW) xf86CloseConsole: VT_ACTIVATE failed: Input/output error
[   648.336] (II) Server terminated successfully (0). Closing log file.
